<?xml version="1.0" encoding="UTF-8"?>
<testng-results skipped="0" failed="0" ignored="0" total="2" passed="2">
  <reporter-output>
  </reporter-output>
  <suite name="ProjectValidation (0)" duration-ms="18150" started-at="2019-11-01T05:22:36Z" finished-at="2019-11-01T05:22:54Z">
    <groups>
    </groups>
    <test name="Validation tests" duration-ms="18150" started-at="2019-11-01T05:22:36Z" finished-at="2019-11-01T05:22:54Z">
      <class name="com.atmecs.project.testscripts.ProjectTestcase">
        <test-method status="PASS" signature="initializeBrowser()[pri:0, instance:com.atmecs.project.testscripts.ProjectTestcase@185d8b6]" name="initializeBrowser" is-config="true" duration-ms="18078" started-at="2019-11-01T05:22:36Z" finished-at="2019-11-01T05:22:54Z">
          <reporter-output>
          </reporter-output>
        </test-method> <!-- initializeBrowser -->
        <test-method status="PASS" signature="testcase1()[pri:0, instance:com.atmecs.project.testscripts.ProjectTestcase@185d8b6]" name="testcase1" duration-ms="12" started-at="2019-11-01T05:22:54Z" finished-at="2019-11-01T05:22:54Z">
          <reporter-output>
          </reporter-output>
        </test-method> <!-- testcase1 -->
        <test-method status="PASS" signature="quitDriver()[pri:0, instance:com.atmecs.project.testscripts.ProjectTestcase@185d8b6]" name="quitDriver" is-config="true" duration-ms="976" started-at="2019-11-01T05:22:54Z" finished-at="2019-11-01T05:22:55Z">
          <reporter-output>
          </reporter-output>
        </test-method> <!-- quitDriver -->
      </class> <!-- com.atmecs.project.testscripts.ProjectTestcase -->
    </test> <!-- Validation tests -->
  </suite> <!-- ProjectValidation (0) -->
  <suite name="Project" duration-ms="15447" started-at="2019-11-01T05:22:55Z" finished-at="2019-11-01T05:23:10Z">
    <groups>
    </groups>
    <test name="ValidatingAlerts" duration-ms="15447" started-at="2019-11-01T05:22:55Z" finished-at="2019-11-01T05:23:10Z">
      <class name="com.atmecs.project.testscripts.ProjectTestcase2">
        <test-method status="PASS" signature="initializeBrowser()[pri:0, instance:com.atmecs.project.testscripts.ProjectTestcase2@551aa95a]" name="initializeBrowser" is-config="true" duration-ms="15435" started-at="2019-11-01T05:22:55Z" finished-at="2019-11-01T05:23:10Z">
          <reporter-output>
          </reporter-output>
        </test-method> <!-- initializeBrowser -->
        <test-method status="PASS" signature="testcase2()[pri:0, instance:com.atmecs.project.testscripts.ProjectTestcase2@551aa95a]" name="testcase2" duration-ms="0" started-at="2019-11-01T05:23:10Z" finished-at="2019-11-01T05:23:10Z">
          <reporter-output>
          </reporter-output>
        </test-method> <!-- testcase2 -->
        <test-method status="PASS" signature="quitDriver()[pri:0, instance:com.atmecs.project.testscripts.ProjectTestcase2@551aa95a]" name="quitDriver" is-config="true" duration-ms="890" started-at="2019-11-01T05:23:10Z" finished-at="2019-11-01T05:23:11Z">
          <reporter-output>
          </reporter-output>
        </test-method> <!-- quitDriver -->
      </class> <!-- com.atmecs.project.testscripts.ProjectTestcase2 -->
    </test> <!-- ValidatingAlerts -->
  </suite> <!-- Project -->
  <suite name="ProjectValidation" duration-ms="0" started-at="2019-11-01T05:23:11Z" finished-at="2019-11-01T05:23:11Z">
    <groups>
    </groups>
  </suite> <!-- ProjectValidation -->
</testng-results>
